nohup: ignoring input
=============================================
Start Training: GPU=2, LR=5e-5, gamma=0.99, tau=1.0, decay_rate=1e-4
Model Dir: ../models/lr_5e-5_gamma_0.99_tau_1.0_decay_1e-4
=============================================
*** Loading map ***
Map size: 21x35 with 352 endpoints and 0 home stations.
Done! (0 s)
*** PreProcessing map ***
*** Loading map ***
Map size: 21x35 with 352 endpoints and 0 home stations.
Done! (0 s)
*** PreProcessing map ***
*** Loading map ***
Map size: 21x35 with 352 endpoints and 0 home stations.
Done! (0 s)
*** PreProcessing map ***
*** Loading map ***
Map size: 21x35 with 352 endpoints and 0 home stations.
Done! (0 s)
*** PreProcessing map ***
*** Loading map ***
Map size: 21x35 with 352 endpoints and 0 home stations.
Done! (0 s)
*** PreProcessing map ***
*** Loading map ***
Map size: 21x35 with 352 endpoints and 0 home stations.
Done! (0 s)
*** PreProcessing map ***
*** Loading map ***
Map size: 21x35 with 352 endpoints and 0 home stations.
Done! (0 s)
*** PreProcessing map ***
Done! (0 s)
*** Loading map ***
Map size: 21x35 with 352 endpoints and 0 home stations.
Done! (0 s)
*** PreProcessing map ***
Done! (0 s)
Done! (0 s)
Done! (0 s)
Done! (0 s)
Done! (0 s)
Done! (0 s)
Done! (0 s)
/localhome/yya305/miniconda3/envs/MAPD_RL/lib/python3.11/site-packages/torch/nn/modules/transformer.py:307: UserWarning: enable_nested_tensor is True, but self.use_nested_tensor is False because encoder_layer.self_attn.batch_first was not True(use batch_first for better inference performance)
  warnings.warn(f"enable_nested_tensor is True, but self.use_nested_tensor is False because {why_not_sparsity_fast_path}")
Using cuda device
Step:  5
Loss:  tensor(-34.0826, device='cuda:0', grad_fn=<AddBackward0>) policy_loss: tensor(-34.4683, device='cuda:0', grad_fn=<NegBackward0>) entropy_loss tensor(-99.5162, device='cuda:0', grad_fn=<DivBackward0>) value_loss tensor(0.7715, device='cuda:0', grad_fn=<MseLossBackward0>)
Step:  10
Loss:  tensor(-52.7473, device='cuda:0', grad_fn=<AddBackward0>) policy_loss: tensor(-52.9472, device='cuda:0', grad_fn=<NegBackward0>) entropy_loss tensor(-98.2485, device='cuda:0', grad_fn=<DivBackward0>) value_loss tensor(0.3998, device='cuda:0', grad_fn=<MseLossBackward0>)
Step:  15
Loss:  tensor(-97.0676, device='cuda:0', grad_fn=<AddBackward0>) policy_loss: tensor(-97.8453, device='cuda:0', grad_fn=<NegBackward0>) entropy_loss tensor(-94.5686, device='cuda:0', grad_fn=<DivBackward0>) value_loss tensor(1.5553, device='cuda:0', grad_fn=<MseLossBackward0>)
Step:  20
Loss:  tensor(-113.4568, device='cuda:0', grad_fn=<AddBackward0>) policy_loss: tensor(-114.0261, device='cuda:0', grad_fn=<NegBackward0>) entropy_loss tensor(-90.3431, device='cuda:0', grad_fn=<DivBackward0>) value_loss tensor(1.1385, device='cuda:0', grad_fn=<MseLossBackward0>)
Step:  25
Loss:  tensor(-180.4466, device='cuda:0', grad_fn=<AddBackward0>) policy_loss: tensor(-181.3475, device='cuda:0', grad_fn=<NegBackward0>) entropy_loss tensor(-82.3249, device='cuda:0', grad_fn=<DivBackward0>) value_loss tensor(1.8019, device='cuda:0', grad_fn=<MseLossBackward0>)
Step:  30
Loss:  tensor(-239.8142, device='cuda:0', grad_fn=<AddBackward0>) policy_loss: tensor(-241.2285, device='cuda:0', grad_fn=<NegBackward0>) entropy_loss tensor(-68.9619, device='cuda:0', grad_fn=<DivBackward0>) value_loss tensor(2.8287, device='cuda:0', grad_fn=<MseLossBackward0>)
Step:  35
Loss:  tensor(-260.4876, device='cuda:0', grad_fn=<AddBackward0>) policy_loss: tensor(-262.3577, device='cuda:0', grad_fn=<NegBackward0>) entropy_loss tensor(-67.4971, device='cuda:0', grad_fn=<DivBackward0>) value_loss tensor(3.7403, device='cuda:0', grad_fn=<MseLossBackward0>)
Step:  40
Loss:  tensor(-340.9164, device='cuda:0', grad_fn=<AddBackward0>) policy_loss: tensor(-342.5943, device='cuda:0', grad_fn=<NegBackward0>) entropy_loss tensor(-57.3673, device='cuda:0', grad_fn=<DivBackward0>) value_loss tensor(3.3558, device='cuda:0', grad_fn=<MseLossBackward0>)
Step:  45
Loss:  tensor(-385.8423, device='cuda:0', grad_fn=<AddBackward0>) policy_loss: tensor(-388.8468, device='cuda:0', grad_fn=<NegBackward0>) entropy_loss tensor(-55.8801, device='cuda:0', grad_fn=<DivBackward0>) value_loss tensor(6.0090, device='cuda:0', grad_fn=<MseLossBackward0>)
Step:  50
Loss:  tensor(-350.8454, device='cuda:0', grad_fn=<AddBackward0>) policy_loss: tensor(-352.5199, device='cuda:0', grad_fn=<NegBackward0>) entropy_loss tensor(-58.3798, device='cuda:0', grad_fn=<DivBackward0>) value_loss tensor(3.3490, device='cuda:0', grad_fn=<MseLossBackward0>)
Step:  55
Loss:  tensor(-377.3922, device='cuda:0', grad_fn=<AddBackward0>) policy_loss: tensor(-379.5289, device='cuda:0', grad_fn=<NegBackward0>) entropy_loss tensor(-55.6918, device='cuda:0', grad_fn=<DivBackward0>) value_loss tensor(4.2734, device='cuda:0', grad_fn=<MseLossBackward0>)
Step:  60
Loss:  tensor(-327.9189, device='cuda:0', grad_fn=<AddBackward0>) policy_loss: tensor(-329.8123, device='cuda:0', grad_fn=<NegBackward0>) entropy_loss tensor(-58.7167, device='cuda:0', grad_fn=<DivBackward0>) value_loss tensor(3.7867, device='cuda:0', grad_fn=<MseLossBackward0>)
Step:  65
Loss:  tensor(-337.6777, device='cuda:0', grad_fn=<AddBackward0>) policy_loss: tensor(-339.2286, device='cuda:0', grad_fn=<NegBackward0>) entropy_loss tensor(-55.4406, device='cuda:0', grad_fn=<DivBackward0>) value_loss tensor(3.1017, device='cuda:0', grad_fn=<MseLossBackward0>)
Step:  70
Loss:  tensor(-311.6960, device='cuda:0', grad_fn=<AddBackward0>) policy_loss: tensor(-313.7665, device='cuda:0', grad_fn=<NegBackward0>) entropy_loss tensor(-57.7034, device='cuda:0', grad_fn=<DivBackward0>) value_loss tensor(4.1409, device='cuda:0', grad_fn=<MseLossBackward0>)
Step:  75
Loss:  tensor(-374.1180, device='cuda:0', grad_fn=<AddBackward0>) policy_loss: tensor(-375.8181, device='cuda:0', grad_fn=<NegBackward0>) entropy_loss tensor(-54.0831, device='cuda:0', grad_fn=<DivBackward0>) value_loss tensor(3.4001, device='cuda:0', grad_fn=<MseLossBackward0>)
Step:  80
Loss:  tensor(-335.1152, device='cuda:0', grad_fn=<AddBackward0>) policy_loss: tensor(-336.9048, device='cuda:0', grad_fn=<NegBackward0>) entropy_loss tensor(-57.8908, device='cuda:0', grad_fn=<DivBackward0>) value_loss tensor(3.5793, device='cuda:0', grad_fn=<MseLossBackward0>)
Step:  85
Loss:  tensor(-342.7594, device='cuda:0', grad_fn=<AddBackward0>) policy_loss: tensor(-344.8347, device='cuda:0', grad_fn=<NegBackward0>) entropy_loss tensor(-57.4083, device='cuda:0', grad_fn=<DivBackward0>) value_loss tensor(4.1505, device='cuda:0', grad_fn=<MseLossBackward0>)
Step:  90
Loss:  tensor(-305.4396, device='cuda:0', grad_fn=<AddBackward0>) policy_loss: tensor(-306.7884, device='cuda:0', grad_fn=<NegBackward0>) entropy_loss tensor(-59.6883, device='cuda:0', grad_fn=<DivBackward0>) value_loss tensor(2.6976, device='cuda:0', grad_fn=<MseLossBackward0>)
Step:  95
Loss:  tensor(-318.0574, device='cuda:0', grad_fn=<AddBackward0>) policy_loss: tensor(-320.0453, device='cuda:0', grad_fn=<NegBackward0>) entropy_loss tensor(-57.0366, device='cuda:0', grad_fn=<DivBackward0>) value_loss tensor(3.9759, device='cuda:0', grad_fn=<MseLossBackward0>)
Step:  100
Loss:  tensor(-266.7015, device='cuda:0', grad_fn=<AddBackward0>) policy_loss: tensor(-267.8092, device='cuda:0', grad_fn=<NegBackward0>) entropy_loss tensor(-59.3030, device='cuda:0', grad_fn=<DivBackward0>) value_loss tensor(2.2155, device='cuda:0', grad_fn=<MseLossBackward0>)
Step:  105
Loss:  tensor(-315.7042, device='cuda:0', grad_fn=<AddBackward0>) policy_loss: tensor(-317.8657, device='cuda:0', grad_fn=<NegBackward0>) entropy_loss tensor(-58.2607, device='cuda:0', grad_fn=<DivBackward0>) value_loss tensor(4.3229, device='cuda:0', grad_fn=<MseLossBackward0>)
Step:  110
Loss:  tensor(-343.5275, device='cuda:0', grad_fn=<AddBackward0>) policy_loss: tensor(-344.9247, device='cuda:0', grad_fn=<NegBackward0>) entropy_loss tensor(-58.6473, device='cuda:0', grad_fn=<DivBackward0>) value_loss tensor(2.7946, device='cuda:0', grad_fn=<MseLossBackward0>)
Step:  115
Loss:  tensor(-303.4759, device='cuda:0', grad_fn=<AddBackward0>) policy_loss: tensor(-305.6022, device='cuda:0', grad_fn=<NegBackward0>) entropy_loss tensor(-58.8541, device='cuda:0', grad_fn=<DivBackward0>) value_loss tensor(4.2526, device='cuda:0', grad_fn=<MseLossBackward0>)
Step:  120
Loss:  tensor(-327.1201, device='cuda:0', grad_fn=<AddBackward0>) policy_loss: tensor(-328.1384, device='cuda:0', grad_fn=<NegBackward0>) entropy_loss tensor(-60.5054, device='cuda:0', grad_fn=<DivBackward0>) value_loss tensor(2.0367, device='cuda:0', grad_fn=<MseLossBackward0>)
Step:  125
Loss:  tensor(-267.3448, device='cuda:0', grad_fn=<AddBackward0>) policy_loss: tensor(-269.0388, device='cuda:0', grad_fn=<NegBackward0>) entropy_loss tensor(-62.5804, device='cuda:0', grad_fn=<DivBackward0>) value_loss tensor(3.3880, device='cuda:0', grad_fn=<MseLossBackward0>)
Step:  130
Loss:  tensor(-358.5834, device='cuda:0', grad_fn=<AddBackward0>) policy_loss: tensor(-360.4616, device='cuda:0', grad_fn=<NegBackward0>) entropy_loss tensor(-62.3072, device='cuda:0', grad_fn=<DivBackward0>) value_loss tensor(3.7565, device='cuda:0', grad_fn=<MseLossBackward0>)
Step:  135
Loss:  tensor(-245.2057, device='cuda:0', grad_fn=<AddBackward0>) policy_loss: tensor(-246.7256, device='cuda:0', grad_fn=<NegBackward0>) entropy_loss tensor(-66.1204, device='cuda:0', grad_fn=<DivBackward0>) value_loss tensor(3.0397, device='cuda:0', grad_fn=<MseLossBackward0>)
Step:  140
Loss:  tensor(-293.7238, device='cuda:0', grad_fn=<AddBackward0>) policy_loss: tensor(-294.9316, device='cuda:0', grad_fn=<NegBackward0>) entropy_loss tensor(-64.8665, device='cuda:0', grad_fn=<DivBackward0>) value_loss tensor(2.4156, device='cuda:0', grad_fn=<MseLossBackward0>)
Step:  145
Loss:  tensor(-266.5651, device='cuda:0', grad_fn=<AddBackward0>) policy_loss: tensor(-267.9936, device='cuda:0', grad_fn=<NegBackward0>) entropy_loss tensor(-67.8361, device='cuda:0', grad_fn=<DivBackward0>) value_loss tensor(2.8571, device='cuda:0', grad_fn=<MseLossBackward0>)
Step:  150
Loss:  tensor(-321.0780, device='cuda:0', grad_fn=<AddBackward0>) policy_loss: tensor(-323.1228, device='cuda:0', grad_fn=<NegBackward0>) entropy_loss tensor(-68.9208, device='cuda:0', grad_fn=<DivBackward0>) value_loss tensor(4.0895, device='cuda:0', grad_fn=<MseLossBackward0>)
Step:  155
Loss:  tensor(-260.9971, device='cuda:0', grad_fn=<AddBackward0>) policy_loss: tensor(-262.4105, device='cuda:0', grad_fn=<NegBackward0>) entropy_loss tensor(-68.6311, device='cuda:0', grad_fn=<DivBackward0>) value_loss tensor(2.8269, device='cuda:0', grad_fn=<MseLossBackward0>)
Step:  160
Loss:  tensor(-261.6844, device='cuda:0', grad_fn=<AddBackward0>) policy_loss: tensor(-262.9225, device='cuda:0', grad_fn=<NegBackward0>) entropy_loss tensor(-71.6313, device='cuda:0', grad_fn=<DivBackward0>) value_loss tensor(2.4762, device='cuda:0', grad_fn=<MseLossBackward0>)
Step:  165
Loss:  tensor(-281.1454, device='cuda:0', grad_fn=<AddBackward0>) policy_loss: tensor(-282.4557, device='cuda:0', grad_fn=<NegBackward0>) entropy_loss tensor(-70.8561, device='cuda:0', grad_fn=<DivBackward0>) value_loss tensor(2.6204, device='cuda:0', grad_fn=<MseLossBackward0>)
Step:  170
Loss:  tensor(-248.4784, device='cuda:0', grad_fn=<AddBackward0>) policy_loss: tensor(-250.3205, device='cuda:0', grad_fn=<NegBackward0>) entropy_loss tensor(-72.6764, device='cuda:0', grad_fn=<DivBackward0>) value_loss tensor(3.6843, device='cuda:0', grad_fn=<MseLossBackward0>)
Step:  175
Loss:  tensor(-196.8701, device='cuda:0', grad_fn=<AddBackward0>) policy_loss: tensor(-198.6774, device='cuda:0', grad_fn=<NegBackward0>) entropy_loss tensor(-73.2903, device='cuda:0', grad_fn=<DivBackward0>) value_loss tensor(3.6146, device='cuda:0', grad_fn=<MseLossBackward0>)
Step:  180
Loss:  tensor(-235.9040, device='cuda:0', grad_fn=<AddBackward0>) policy_loss: tensor(-237.4757, device='cuda:0', grad_fn=<NegBackward0>) entropy_loss tensor(-77.1613, device='cuda:0', grad_fn=<DivBackward0>) value_loss tensor(3.1433, device='cuda:0', grad_fn=<MseLossBackward0>)
Step:  185
Loss:  tensor(-161.2687, device='cuda:0', grad_fn=<AddBackward0>) policy_loss: tensor(-162.9858, device='cuda:0', grad_fn=<NegBackward0>) entropy_loss tensor(-76.4455, device='cuda:0', grad_fn=<DivBackward0>) value_loss tensor(3.4342, device='cuda:0', grad_fn=<MseLossBackward0>)
Step:  190
Loss:  tensor(-291.9101, device='cuda:0', grad_fn=<AddBackward0>) policy_loss: tensor(-294.2049, device='cuda:0', grad_fn=<NegBackward0>) entropy_loss tensor(-81.6510, device='cuda:0', grad_fn=<DivBackward0>) value_loss tensor(4.5897, device='cuda:0', grad_fn=<MseLossBackward0>)
Step:  195
Loss:  tensor(-181.0339, device='cuda:0', grad_fn=<AddBackward0>) policy_loss: tensor(-182.3559, device='cuda:0', grad_fn=<NegBackward0>) entropy_loss tensor(-80.4204, device='cuda:0', grad_fn=<DivBackward0>) value_loss tensor(2.6441, device='cuda:0', grad_fn=<MseLossBackward0>)
Step:  200
Loss:  tensor(-195.9719, device='cuda:0', grad_fn=<AddBackward0>) policy_loss: tensor(-198.4988, device='cuda:0', grad_fn=<NegBackward0>) entropy_loss tensor(-82.7831, device='cuda:0', grad_fn=<DivBackward0>) value_loss tensor(5.0539, device='cuda:0', grad_fn=<MseLossBackward0>)
Step:  205
Loss:  tensor(-185.6558, device='cuda:0', grad_fn=<AddBackward0>) policy_loss: tensor(-187.5263, device='cuda:0', grad_fn=<NegBackward0>) entropy_loss tensor(-82.7609, device='cuda:0', grad_fn=<DivBackward0>) value_loss tensor(3.7410, device='cuda:0', grad_fn=<MseLossBackward0>)
Step:  210
Loss:  tensor(-229.8444, device='cuda:0', grad_fn=<AddBackward0>) policy_loss: tensor(-232.5403, device='cuda:0', grad_fn=<NegBackward0>) entropy_loss tensor(-84.8111, device='cuda:0', grad_fn=<DivBackward0>) value_loss tensor(5.3917, device='cuda:0', grad_fn=<MseLossBackward0>)
Step:  215
Loss:  tensor(-264.7878, device='cuda:0', grad_fn=<AddBackward0>) policy_loss: tensor(-266.4281, device='cuda:0', grad_fn=<NegBackward0>) entropy_loss tensor(-88.4669, device='cuda:0', grad_fn=<DivBackward0>) value_loss tensor(3.2805, device='cuda:0', grad_fn=<MseLossBackward0>)
Step:  220
Loss:  tensor(-222.7399, device='cuda:0', grad_fn=<AddBackward0>) policy_loss: tensor(-224.6991, device='cuda:0', grad_fn=<NegBackward0>) entropy_loss tensor(-88.5312, device='cuda:0', grad_fn=<DivBackward0>) value_loss tensor(3.9186, device='cuda:0', grad_fn=<MseLossBackward0>)
Step:  225
Loss:  tensor(-168.2453, device='cuda:0', grad_fn=<AddBackward0>) policy_loss: tensor(-169.7299, device='cuda:0', grad_fn=<NegBackward0>) entropy_loss tensor(-88.8933, device='cuda:0', grad_fn=<DivBackward0>) value_loss tensor(2.9693, device='cuda:0', grad_fn=<MseLossBackward0>)
Step:  230
Loss:  tensor(-143.6393, device='cuda:0', grad_fn=<AddBackward0>) policy_loss: tensor(-145.1180, device='cuda:0', grad_fn=<NegBackward0>) entropy_loss tensor(-91.2926, device='cuda:0', grad_fn=<DivBackward0>) value_loss tensor(2.9574, device='cuda:0', grad_fn=<MseLossBackward0>)
Step:  235
Loss:  tensor(-203.4012, device='cuda:0', grad_fn=<AddBackward0>) policy_loss: tensor(-205.1478, device='cuda:0', grad_fn=<NegBackward0>) entropy_loss tensor(-92.6504, device='cuda:0', grad_fn=<DivBackward0>) value_loss tensor(3.4930, device='cuda:0', grad_fn=<MseLossBackward0>)
Step:  240
Loss:  tensor(-219.5624, device='cuda:0', grad_fn=<AddBackward0>) policy_loss: tensor(-220.9831, device='cuda:0', grad_fn=<NegBackward0>) entropy_loss tensor(-93.5228, device='cuda:0', grad_fn=<DivBackward0>) value_loss tensor(2.8415, device='cuda:0', grad_fn=<MseLossBackward0>)
Step:  245
Loss:  tensor(-105.4537, device='cuda:0', grad_fn=<AddBackward0>) policy_loss: tensor(-107.4126, device='cuda:0', grad_fn=<NegBackward0>) entropy_loss tensor(-93.8836, device='cuda:0', grad_fn=<DivBackward0>) value_loss tensor(3.9179, device='cuda:0', grad_fn=<MseLossBackward0>)
Step:  250
Loss:  tensor(-173.3495, device='cuda:0', grad_fn=<AddBackward0>) policy_loss: tensor(-174.8509, device='cuda:0', grad_fn=<NegBackward0>) entropy_loss tensor(-97.3730, device='cuda:0', grad_fn=<DivBackward0>) value_loss tensor(3.0028, device='cuda:0', grad_fn=<MseLossBackward0>)
Step:  255
Loss:  tensor(-189.8345, device='cuda:0', grad_fn=<AddBackward0>) policy_loss: tensor(-191.4053, device='cuda:0', grad_fn=<NegBackward0>) entropy_loss tensor(-98.3383, device='cuda:0', grad_fn=<DivBackward0>) value_loss tensor(3.1416, device='cuda:0', grad_fn=<MseLossBackward0>)
Step:  260
Loss:  tensor(-156.0990, device='cuda:0', grad_fn=<AddBackward0>) policy_loss: tensor(-157.7536, device='cuda:0', grad_fn=<NegBackward0>) entropy_loss tensor(-98.8611, device='cuda:0', grad_fn=<DivBackward0>) value_loss tensor(3.3093, device='cuda:0', grad_fn=<MseLossBackward0>)
Step:  265
Loss:  tensor(-144.7194, device='cuda:0', grad_fn=<AddBackward0>) policy_loss: tensor(-146.0146, device='cuda:0', grad_fn=<NegBackward0>) entropy_loss tensor(-105.1951, device='cuda:0', grad_fn=<DivBackward0>) value_loss tensor(2.5903, device='cuda:0', grad_fn=<MseLossBackward0>)
Step:  270
Loss:  tensor(-219.2974, device='cuda:0', grad_fn=<AddBackward0>) policy_loss: tensor(-220.6475, device='cuda:0', grad_fn=<NegBackward0>) entropy_loss tensor(-103.4601, device='cuda:0', grad_fn=<DivBackward0>) value_loss tensor(2.7004, device='cuda:0', grad_fn=<MseLossBackward0>)
Step:  275
Loss:  tensor(-83.7254, device='cuda:0', grad_fn=<AddBackward0>) policy_loss: tensor(-85.2112, device='cuda:0', grad_fn=<NegBackward0>) entropy_loss tensor(-103.6349, device='cuda:0', grad_fn=<DivBackward0>) value_loss tensor(2.9714, device='cuda:0', grad_fn=<MseLossBackward0>)
Step:  280
Loss:  tensor(-175.3446, device='cuda:0', grad_fn=<AddBackward0>) policy_loss: tensor(-176.7899, device='cuda:0', grad_fn=<NegBackward0>) entropy_loss tensor(-109.9686, device='cuda:0', grad_fn=<DivBackward0>) value_loss tensor(2.8906, device='cuda:0', grad_fn=<MseLossBackward0>)
Step:  285
Loss:  tensor(-157.5679, device='cuda:0', grad_fn=<AddBackward0>) policy_loss: tensor(-158.6473, device='cuda:0', grad_fn=<NegBackward0>) entropy_loss tensor(-105.7602, device='cuda:0', grad_fn=<DivBackward0>) value_loss tensor(2.1589, device='cuda:0', grad_fn=<MseLossBackward0>)
Step:  290
Loss:  tensor(-160.8713, device='cuda:0', grad_fn=<AddBackward0>) policy_loss: tensor(-162.5933, device='cuda:0', grad_fn=<NegBackward0>) entropy_loss tensor(-107.6038, device='cuda:0', grad_fn=<DivBackward0>) value_loss tensor(3.4440, device='cuda:0', grad_fn=<MseLossBackward0>)
Step:  295
Loss:  tensor(-42.2030, device='cuda:0', grad_fn=<AddBackward0>) policy_loss: tensor(-43.0931, device='cuda:0', grad_fn=<NegBackward0>) entropy_loss tensor(-106.3230, device='cuda:0', grad_fn=<DivBackward0>) value_loss tensor(1.7801, device='cuda:0', grad_fn=<MseLossBackward0>)
Step:  300
Loss:  tensor(-135.1794, device='cuda:0', grad_fn=<AddBackward0>) policy_loss: tensor(-135.9585, device='cuda:0', grad_fn=<NegBackward0>) entropy_loss tensor(-117.3866, device='cuda:0', grad_fn=<DivBackward0>) value_loss tensor(1.5581, device='cuda:0', grad_fn=<MseLossBackward0>)
Step:  305
Loss:  tensor(-144.1907, device='cuda:0', grad_fn=<AddBackward0>) policy_loss: tensor(-145.6892, device='cuda:0', grad_fn=<NegBackward0>) entropy_loss tensor(-111.9146, device='cuda:0', grad_fn=<DivBackward0>) value_loss tensor(2.9970, device='cuda:0', grad_fn=<MseLossBackward0>)
Step:  310
Loss:  tensor(-103.5461, device='cuda:0', grad_fn=<AddBackward0>) policy_loss: tensor(-104.5922, device='cuda:0', grad_fn=<NegBackward0>) entropy_loss tensor(-116.0007, device='cuda:0', grad_fn=<DivBackward0>) value_loss tensor(2.0922, device='cuda:0', grad_fn=<MseLossBackward0>)
Step:  315
Loss:  tensor(-241.3115, device='cuda:0', grad_fn=<AddBackward0>) policy_loss: tensor(-242.8915, device='cuda:0', grad_fn=<NegBackward0>) entropy_loss tensor(-116.9396, device='cuda:0', grad_fn=<DivBackward0>) value_loss tensor(3.1600, device='cuda:0', grad_fn=<MseLossBackward0>)
Step:  320
Loss:  tensor(-135.2190, device='cuda:0', grad_fn=<AddBackward0>) policy_loss: tensor(-136.2522, device='cuda:0', grad_fn=<NegBackward0>) entropy_loss tensor(-116.7962, device='cuda:0', grad_fn=<DivBackward0>) value_loss tensor(2.0664, device='cuda:0', grad_fn=<MseLossBackward0>)
Step:  325
Loss:  tensor(-296.0680, device='cuda:0', grad_fn=<AddBackward0>) policy_loss: tensor(-298.1064, device='cuda:0', grad_fn=<NegBackward0>) entropy_loss tensor(-125.0001, device='cuda:0', grad_fn=<DivBackward0>) value_loss tensor(4.0769, device='cuda:0', grad_fn=<MseLossBackward0>)
Step:  330
Loss:  tensor(-183.5754, device='cuda:0', grad_fn=<AddBackward0>) policy_loss: tensor(-184.8808, device='cuda:0', grad_fn=<NegBackward0>) entropy_loss tensor(-117.2872, device='cuda:0', grad_fn=<DivBackward0>) value_loss tensor(2.6108, device='cuda:0', grad_fn=<MseLossBackward0>)
Step:  335
Loss:  tensor(-135.9492, device='cuda:0', grad_fn=<AddBackward0>) policy_loss: tensor(-137.7138, device='cuda:0', grad_fn=<NegBackward0>) entropy_loss tensor(-122.4664, device='cuda:0', grad_fn=<DivBackward0>) value_loss tensor(3.5292, device='cuda:0', grad_fn=<MseLossBackward0>)
Step:  340
Loss:  tensor(-113.0469, device='cuda:0', grad_fn=<AddBackward0>) policy_loss: tensor(-114.8042, device='cuda:0', grad_fn=<NegBackward0>) entropy_loss tensor(-124.3718, device='cuda:0', grad_fn=<DivBackward0>) value_loss tensor(3.5145, device='cuda:0', grad_fn=<MseLossBackward0>)
Step:  345
Loss:  tensor(-185.9697, device='cuda:0', grad_fn=<AddBackward0>) policy_loss: tensor(-187.7596, device='cuda:0', grad_fn=<NegBackward0>) entropy_loss tensor(-123.3609, device='cuda:0', grad_fn=<DivBackward0>) value_loss tensor(3.5798, device='cuda:0', grad_fn=<MseLossBackward0>)
Step:  350
Loss:  tensor(-60.6603, device='cuda:0', grad_fn=<AddBackward0>) policy_loss: tensor(-61.3588, device='cuda:0', grad_fn=<NegBackward0>) entropy_loss tensor(-132.0684, device='cuda:0', grad_fn=<DivBackward0>) value_loss tensor(1.3971, device='cuda:0', grad_fn=<MseLossBackward0>)
Step:  355
Loss:  tensor(-92.2184, device='cuda:0', grad_fn=<AddBackward0>) policy_loss: tensor(-92.9567, device='cuda:0', grad_fn=<NegBackward0>) entropy_loss tensor(-135.8910, device='cuda:0', grad_fn=<DivBackward0>) value_loss tensor(1.4765, device='cuda:0', grad_fn=<MseLossBackward0>)
Step:  360
Loss:  tensor(-124.9321, device='cuda:0', grad_fn=<AddBackward0>) policy_loss: tensor(-126.1598, device='cuda:0', grad_fn=<NegBackward0>) entropy_loss tensor(-128.4649, device='cuda:0', grad_fn=<DivBackward0>) value_loss tensor(2.4554, device='cuda:0', grad_fn=<MseLossBackward0>)
Step:  365
Loss:  tensor(-137.1289, device='cuda:0', grad_fn=<AddBackward0>) policy_loss: tensor(-138.4913, device='cuda:0', grad_fn=<NegBackward0>) entropy_loss tensor(-138.7298, device='cuda:0', grad_fn=<DivBackward0>) value_loss tensor(2.7248, device='cuda:0', grad_fn=<MseLossBackward0>)
Step:  370
Loss:  tensor(-175.8544, device='cuda:0', grad_fn=<AddBackward0>) policy_loss: tensor(-177.2552, device='cuda:0', grad_fn=<NegBackward0>) entropy_loss tensor(-131.8699, device='cuda:0', grad_fn=<DivBackward0>) value_loss tensor(2.8017, device='cuda:0', grad_fn=<MseLossBackward0>)
Step:  375
Loss:  tensor(-221.6082, device='cuda:0', grad_fn=<AddBackward0>) policy_loss: tensor(-223.0307, device='cuda:0', grad_fn=<NegBackward0>) entropy_loss tensor(-135.5648, device='cuda:0', grad_fn=<DivBackward0>) value_loss tensor(2.8449, device='cuda:0', grad_fn=<MseLossBackward0>)
Step:  380
Loss:  tensor(-193.7951, device='cuda:0', grad_fn=<AddBackward0>) policy_loss: tensor(-195.9406, device='cuda:0', grad_fn=<NegBackward0>) entropy_loss tensor(-135.9887, device='cuda:0', grad_fn=<DivBackward0>) value_loss tensor(4.2911, device='cuda:0', grad_fn=<MseLossBackward0>)
Step:  385
Loss:  tensor(-53.8235, device='cuda:0', grad_fn=<AddBackward0>) policy_loss: tensor(-54.4999, device='cuda:0', grad_fn=<NegBackward0>) entropy_loss tensor(-137.2351, device='cuda:0', grad_fn=<DivBackward0>) value_loss tensor(1.3527, device='cuda:0', grad_fn=<MseLossBackward0>)
Step:  390
Loss:  tensor(-85.9101, device='cuda:0', grad_fn=<AddBackward0>) policy_loss: tensor(-87.1730, device='cuda:0', grad_fn=<NegBackward0>) entropy_loss tensor(-147.8880, device='cuda:0', grad_fn=<DivBackward0>) value_loss tensor(2.5258, device='cuda:0', grad_fn=<MseLossBackward0>)
Step:  395
Loss:  tensor(-165.2769, device='cuda:0', grad_fn=<AddBackward0>) policy_loss: tensor(-166.8944, device='cuda:0', grad_fn=<NegBackward0>) entropy_loss tensor(-146.3238, device='cuda:0', grad_fn=<DivBackward0>) value_loss tensor(3.2349, device='cuda:0', grad_fn=<MseLossBackward0>)
Step:  400
Loss:  tensor(-65.7160, device='cuda:0', grad_fn=<AddBackward0>) policy_loss: tensor(-67.5473, device='cuda:0', grad_fn=<NegBackward0>) entropy_loss tensor(-142.0933, device='cuda:0', grad_fn=<DivBackward0>) value_loss tensor(3.6626, device='cuda:0', grad_fn=<MseLossBackward0>)
Step:  405
Loss:  tensor(-90.3416, device='cuda:0', grad_fn=<AddBackward0>) policy_loss: tensor(-91.0929, device='cuda:0', grad_fn=<NegBackward0>) entropy_loss tensor(-150.4446, device='cuda:0', grad_fn=<DivBackward0>) value_loss tensor(1.5026, device='cuda:0', grad_fn=<MseLossBackward0>)
Step:  410
Loss:  tensor(-130.1147, device='cuda:0', grad_fn=<AddBackward0>) policy_loss: tensor(-131.3414, device='cuda:0', grad_fn=<NegBackward0>) entropy_loss tensor(-148.6535, device='cuda:0', grad_fn=<DivBackward0>) value_loss tensor(2.4534, device='cuda:0', grad_fn=<MseLossBackward0>)
Step:  415
Loss:  tensor(-88.6801, device='cuda:0', grad_fn=<AddBackward0>) policy_loss: tensor(-89.8264, device='cuda:0', grad_fn=<NegBackward0>) entropy_loss tensor(-153.0002, device='cuda:0', grad_fn=<DivBackward0>) value_loss tensor(2.2927, device='cuda:0', grad_fn=<MseLossBackward0>)
Step:  420
Loss:  tensor(-183.8610, device='cuda:0', grad_fn=<AddBackward0>) policy_loss: tensor(-184.7942, device='cuda:0', grad_fn=<NegBackward0>) entropy_loss tensor(-154.3590, device='cuda:0', grad_fn=<DivBackward0>) value_loss tensor(1.8665, device='cuda:0', grad_fn=<MseLossBackward0>)
Step:  425
Loss:  tensor(-153.8938, device='cuda:0', grad_fn=<AddBackward0>) policy_loss: tensor(-155.5807, device='cuda:0', grad_fn=<NegBackward0>) entropy_loss tensor(-151.9434, device='cuda:0', grad_fn=<DivBackward0>) value_loss tensor(3.3739, device='cuda:0', grad_fn=<MseLossBackward0>)
Step:  430
Loss:  tensor(9.9840, device='cuda:0', grad_fn=<AddBackward0>) policy_loss: tensor(8.2090, device='cuda:0', grad_fn=<NegBackward0>) entropy_loss tensor(-153.6862, device='cuda:0', grad_fn=<DivBackward0>) value_loss tensor(3.5500, device='cuda:0', grad_fn=<MseLossBackward0>)
Step:  435
Loss:  tensor(-46.1703, device='cuda:0', grad_fn=<AddBackward0>) policy_loss: tensor(-47.1678, device='cuda:0', grad_fn=<NegBackward0>) entropy_loss tensor(-177.0997, device='cuda:0', grad_fn=<DivBackward0>) value_loss tensor(1.9950, device='cuda:0', grad_fn=<MseLossBackward0>)
Step:  440
Loss:  tensor(-289.8648, device='cuda:0', grad_fn=<AddBackward0>) policy_loss: tensor(-291.3952, device='cuda:0', grad_fn=<NegBackward0>) entropy_loss tensor(-173.4559, device='cuda:0', grad_fn=<DivBackward0>) value_loss tensor(3.0609, device='cuda:0', grad_fn=<MseLossBackward0>)
Step:  445
Loss:  tensor(81.9111, device='cuda:0', grad_fn=<AddBackward0>) policy_loss: tensor(81.1138, device='cuda:0', grad_fn=<NegBackward0>) entropy_loss tensor(-153.5885, device='cuda:0', grad_fn=<DivBackward0>) value_loss tensor(1.5948, device='cuda:0', grad_fn=<MseLossBackward0>)
Step:  450
Loss:  tensor(-236.6334, device='cuda:0', grad_fn=<AddBackward0>) policy_loss: tensor(-237.3479, device='cuda:0', grad_fn=<NegBackward0>) entropy_loss tensor(-177.7487, device='cuda:0', grad_fn=<DivBackward0>) value_loss tensor(1.4290, device='cuda:0', grad_fn=<MseLossBackward0>)
Step:  455
Loss:  tensor(-159.8335, device='cuda:0', grad_fn=<AddBackward0>) policy_loss: tensor(-162.4919, device='cuda:0', grad_fn=<NegBackward0>) entropy_loss tensor(-163.7924, device='cuda:0', grad_fn=<DivBackward0>) value_loss tensor(5.3166, device='cuda:0', grad_fn=<MseLossBackward0>)
Step:  460
Loss:  tensor(-178.9827, device='cuda:0', grad_fn=<AddBackward0>) policy_loss: tensor(-181.6879, device='cuda:0', grad_fn=<NegBackward0>) entropy_loss tensor(-161.2476, device='cuda:0', grad_fn=<DivBackward0>) value_loss tensor(5.4105, device='cuda:0', grad_fn=<MseLossBackward0>)
Step:  465
Loss:  tensor(-209.9800, device='cuda:0', grad_fn=<AddBackward0>) policy_loss: tensor(-212.7742, device='cuda:0', grad_fn=<NegBackward0>) entropy_loss tensor(-166.7107, device='cuda:0', grad_fn=<DivBackward0>) value_loss tensor(5.5884, device='cuda:0', grad_fn=<MseLossBackward0>)
Step:  470
Loss:  tensor(8.0385, device='cuda:0', grad_fn=<AddBackward0>) policy_loss: tensor(6.6774, device='cuda:0', grad_fn=<NegBackward0>) entropy_loss tensor(-165.8986, device='cuda:0', grad_fn=<DivBackward0>) value_loss tensor(2.7223, device='cuda:0', grad_fn=<MseLossBackward0>)
Step:  475
Loss:  tensor(-135.0249, device='cuda:0', grad_fn=<AddBackward0>) policy_loss: tensor(-136.0804, device='cuda:0', grad_fn=<NegBackward0>) entropy_loss tensor(-181.5069, device='cuda:0', grad_fn=<DivBackward0>) value_loss tensor(2.1109, device='cuda:0', grad_fn=<MseLossBackward0>)
Step:  480
Loss:  tensor(-133.8260, device='cuda:0', grad_fn=<AddBackward0>) policy_loss: tensor(-135.2902, device='cuda:0', grad_fn=<NegBackward0>) entropy_loss tensor(-170.4359, device='cuda:0', grad_fn=<DivBackward0>) value_loss tensor(2.9283, device='cuda:0', grad_fn=<MseLossBackward0>)
Step:  485
Loss:  tensor(-45.9350, device='cuda:0', grad_fn=<AddBackward0>) policy_loss: tensor(-46.9289, device='cuda:0', grad_fn=<NegBackward0>) entropy_loss tensor(-173.6682, device='cuda:0', grad_fn=<DivBackward0>) value_loss tensor(1.9877, device='cuda:0', grad_fn=<MseLossBackward0>)
Step:  490
Loss:  tensor(-97.9125, device='cuda:0', grad_fn=<AddBackward0>) policy_loss: tensor(-99.6129, device='cuda:0', grad_fn=<NegBackward0>) entropy_loss tensor(-175.9457, device='cuda:0', grad_fn=<DivBackward0>) value_loss tensor(3.4008, device='cuda:0', grad_fn=<MseLossBackward0>)
Step:  495
Loss:  tensor(21.2847, device='cuda:0', grad_fn=<AddBackward0>) policy_loss: tensor(18.9382, device='cuda:0', grad_fn=<NegBackward0>) entropy_loss tensor(-179.7302, device='cuda:0', grad_fn=<DivBackward0>) value_loss tensor(4.6928, device='cuda:0', grad_fn=<MseLossBackward0>)
------------------------------------
| time/                 |          |
|    fps                | 1        |
|    iterations         | 100      |
|    time_elapsed       | 3695     |
|    total_timesteps    | 4000     |
| train/                |          |
|    entropy_loss       | -180     |
|    explained_variance | 0.183    |
|    learning_rate      | 5e-05    |
|    n_updates          | 99       |
|    policy_loss        | 18.9     |
|    value_loss         | 4.69     |
------------------------------------
Step:  500
Loss:  tensor(0.0600, device='cuda:0', grad_fn=<AddBackward0>) policy_loss: tensor(-0.8969, device='cuda:0', grad_fn=<NegBackward0>) entropy_loss tensor(-195.0803, device='cuda:0', grad_fn=<DivBackward0>) value_loss tensor(1.9138, device='cuda:0', grad_fn=<MseLossBackward0>)
Step:  505
Loss:  tensor(-147.0379, device='cuda:0', grad_fn=<AddBackward0>) policy_loss: tensor(-148.8754, device='cuda:0', grad_fn=<NegBackward0>) entropy_loss tensor(-200.7105, device='cuda:0', grad_fn=<DivBackward0>) value_loss tensor(3.6750, device='cuda:0', grad_fn=<MseLossBackward0>)
Step:  510
Loss:  tensor(-228.8634, device='cuda:0', grad_fn=<AddBackward0>) policy_loss: tensor(-231.8899, device='cuda:0', grad_fn=<NegBackward0>) entropy_loss tensor(-164.6168, device='cuda:0', grad_fn=<DivBackward0>) value_loss tensor(6.0531, device='cuda:0', grad_fn=<MseLossBackward0>)
Step:  515
Loss:  tensor(-367.4649, device='cuda:0', grad_fn=<AddBackward0>) policy_loss: tensor(-372.6185, device='cuda:0', grad_fn=<NegBackward0>) entropy_loss tensor(-161.3685, device='cuda:0', grad_fn=<DivBackward0>) value_loss tensor(10.3073, device='cuda:0', grad_fn=<MseLossBackward0>)
Step:  520
Loss:  tensor(-527.2301, device='cuda:0', grad_fn=<AddBackward0>) policy_loss: tensor(-532.3762, device='cuda:0', grad_fn=<NegBackward0>) entropy_loss tensor(-154.1234, device='cuda:0', grad_fn=<DivBackward0>) value_loss tensor(10.2923, device='cuda:0', grad_fn=<MseLossBackward0>)
Step:  525
Loss:  tensor(-203.6083, device='cuda:0', grad_fn=<AddBackward0>) policy_loss: tensor(-205.9375, device='cuda:0', grad_fn=<NegBackward0>) entropy_loss tensor(-152.4253, device='cuda:0', grad_fn=<DivBackward0>) value_loss tensor(4.6583, device='cuda:0', grad_fn=<MseLossBackward0>)
Step:  530
Loss:  tensor(-371.6942, device='cuda:0', grad_fn=<AddBackward0>) policy_loss: tensor(-377.6476, device='cuda:0', grad_fn=<NegBackward0>) entropy_loss tensor(-142.5324, device='cuda:0', grad_fn=<DivBackward0>) value_loss tensor(11.9068, device='cuda:0', grad_fn=<MseLossBackward0>)
Step:  535
Loss:  tensor(-577.2247, device='cuda:0', grad_fn=<AddBackward0>) policy_loss: tensor(-582.4803, device='cuda:0', grad_fn=<NegBackward0>) entropy_loss tensor(-147.1237, device='cuda:0', grad_fn=<DivBackward0>) value_loss tensor(10.5113, device='cuda:0', grad_fn=<MseLossBackward0>)
Step:  540
Loss:  tensor(-387.7874, device='cuda:0', grad_fn=<AddBackward0>) policy_loss: tensor(-392.8992, device='cuda:0', grad_fn=<NegBackward0>) entropy_loss tensor(-147.5313, device='cuda:0', grad_fn=<DivBackward0>) value_loss tensor(10.2236, device='cuda:0', grad_fn=<MseLossBackward0>)
Step:  545
Loss:  tensor(-137.3525, device='cuda:0', grad_fn=<AddBackward0>) policy_loss: tensor(-141.9784, device='cuda:0', grad_fn=<NegBackward0>) entropy_loss tensor(-148.9195, device='cuda:0', grad_fn=<DivBackward0>) value_loss tensor(9.2518, device='cuda:0', grad_fn=<MseLossBackward0>)
Step:  550
Loss:  tensor(-588.8299, device='cuda:0', grad_fn=<AddBackward0>) policy_loss: tensor(-592.7831, device='cuda:0', grad_fn=<NegBackward0>) entropy_loss tensor(-145.5306, device='cuda:0', grad_fn=<DivBackward0>) value_loss tensor(7.9065, device='cuda:0', grad_fn=<MseLossBackward0>)
Step:  555
Loss:  tensor(-257.5990, device='cuda:0', grad_fn=<AddBackward0>) policy_loss: tensor(-265.4639, device='cuda:0', grad_fn=<NegBackward0>) entropy_loss tensor(-132.2675, device='cuda:0', grad_fn=<DivBackward0>) value_loss tensor(15.7298, device='cuda:0', grad_fn=<MseLossBackward0>)
Step:  560
Loss:  tensor(-527.0019, device='cuda:0', grad_fn=<AddBackward0>) policy_loss: tensor(-535.2780, device='cuda:0', grad_fn=<NegBackward0>) entropy_loss tensor(-136.7843, device='cuda:0', grad_fn=<DivBackward0>) value_loss tensor(16.5522, device='cuda:0', grad_fn=<MseLossBackward0>)
Step:  565
Loss:  tensor(-334.7260, device='cuda:0', grad_fn=<AddBackward0>) policy_loss: tensor(-338.1467, device='cuda:0', grad_fn=<NegBackward0>) entropy_loss tensor(-133.5876, device='cuda:0', grad_fn=<DivBackward0>) value_loss tensor(6.8414, device='cuda:0', grad_fn=<MseLossBackward0>)
Step:  570
Loss:  tensor(-417.0067, device='cuda:0', grad_fn=<AddBackward0>) policy_loss: tensor(-421.1068, device='cuda:0', grad_fn=<NegBackward0>) entropy_loss tensor(-132.2246, device='cuda:0', grad_fn=<DivBackward0>) value_loss tensor(8.2002, device='cuda:0', grad_fn=<MseLossBackward0>)
Step:  575
Loss:  tensor(-583.0988, device='cuda:0', grad_fn=<AddBackward0>) policy_loss: tensor(-592.8862, device='cuda:0', grad_fn=<NegBackward0>) entropy_loss tensor(-132.0564, device='cuda:0', grad_fn=<DivBackward0>) value_loss tensor(19.5748, device='cuda:0', grad_fn=<MseLossBackward0>)
Step:  580
Loss:  tensor(-576.5759, device='cuda:0', grad_fn=<AddBackward0>) policy_loss: tensor(-583.9545, device='cuda:0', grad_fn=<NegBackward0>) entropy_loss tensor(-131.7822, device='cuda:0', grad_fn=<DivBackward0>) value_loss tensor(14.7573, device='cuda:0', grad_fn=<MseLossBackward0>)
Step:  585
Loss:  tensor(-717.5679, device='cuda:0', grad_fn=<AddBackward0>) policy_loss: tensor(-726.7921, device='cuda:0', grad_fn=<NegBackward0>) entropy_loss tensor(-127.9056, device='cuda:0', grad_fn=<DivBackward0>) value_loss tensor(18.4484, device='cuda:0', grad_fn=<MseLossBackward0>)
Step:  590
Loss:  tensor(-583.2980, device='cuda:0', grad_fn=<AddBackward0>) policy_loss: tensor(-594.4665, device='cuda:0', grad_fn=<NegBackward0>) entropy_loss tensor(-127.0044, device='cuda:0', grad_fn=<DivBackward0>) value_loss tensor(22.3370, device='cuda:0', grad_fn=<MseLossBackward0>)
Step:  595
Loss:  tensor(-680.6277, device='cuda:0', grad_fn=<AddBackward0>) policy_loss: tensor(-691.8381, device='cuda:0', grad_fn=<NegBackward0>) entropy_loss tensor(-124.5382, device='cuda:0', grad_fn=<DivBackward0>) value_loss tensor(22.4210, device='cuda:0', grad_fn=<MseLossBackward0>)
Step:  600
Loss:  tensor(-449.9954, device='cuda:0', grad_fn=<AddBackward0>) policy_loss: tensor(-458.5346, device='cuda:0', grad_fn=<NegBackward0>) entropy_loss tensor(-120.3778, device='cuda:0', grad_fn=<DivBackward0>) value_loss tensor(17.0784, device='cuda:0', grad_fn=<MseLossBackward0>)
Step:  605
Loss:  tensor(-803.3649, device='cuda:0', grad_fn=<AddBackward0>) policy_loss: tensor(-814.0477, device='cuda:0', grad_fn=<NegBackward0>) entropy_loss tensor(-120.2799, device='cuda:0', grad_fn=<DivBackward0>) value_loss tensor(21.3655, device='cuda:0', grad_fn=<MseLossBackward0>)
Step:  610
Loss:  tensor(-404.7344, device='cuda:0', grad_fn=<AddBackward0>) policy_loss: tensor(-409.1521, device='cuda:0', grad_fn=<NegBackward0>) entropy_loss tensor(-119.0166, device='cuda:0', grad_fn=<DivBackward0>) value_loss tensor(8.8354, device='cuda:0', grad_fn=<MseLossBackward0>)
Step:  615
Loss:  tensor(-500.0551, device='cuda:0', grad_fn=<AddBackward0>) policy_loss: tensor(-518.3594, device='cuda:0', grad_fn=<NegBackward0>) entropy_loss tensor(-109.8791, device='cuda:0', grad_fn=<DivBackward0>) value_loss tensor(36.6087, device='cuda:0', grad_fn=<MseLossBackward0>)
Step:  620
Loss:  tensor(-462.0512, device='cuda:0', grad_fn=<AddBackward0>) policy_loss: tensor(-472.7850, device='cuda:0', grad_fn=<NegBackward0>) entropy_loss tensor(-110.8027, device='cuda:0', grad_fn=<DivBackward0>) value_loss tensor(21.4677, device='cuda:0', grad_fn=<MseLossBackward0>)
Step:  625
Loss:  tensor(-352.8149, device='cuda:0', grad_fn=<AddBackward0>) policy_loss: tensor(-358.1319, device='cuda:0', grad_fn=<NegBackward0>) entropy_loss tensor(-110.3979, device='cuda:0', grad_fn=<DivBackward0>) value_loss tensor(10.6341, device='cuda:0', grad_fn=<MseLossBackward0>)
Step:  630
Loss:  tensor(-331.5074, device='cuda:0', grad_fn=<AddBackward0>) policy_loss: tensor(-345.2158, device='cuda:0', grad_fn=<NegBackward0>) entropy_loss tensor(-106.6707, device='cuda:0', grad_fn=<DivBackward0>) value_loss tensor(27.4168, device='cuda:0', grad_fn=<MseLossBackward0>)
Step:  635
Loss:  tensor(-699.0901, device='cuda:0', grad_fn=<AddBackward0>) policy_loss: tensor(-710.3974, device='cuda:0', grad_fn=<NegBackward0>) entropy_loss tensor(-103.5097, device='cuda:0', grad_fn=<DivBackward0>) value_loss tensor(22.6145, device='cuda:0', grad_fn=<MseLossBackward0>)
Step:  640
Loss:  tensor(-926.5942, device='cuda:0', grad_fn=<AddBackward0>) policy_loss: tensor(-944.0364, device='cuda:0', grad_fn=<NegBackward0>) entropy_loss tensor(-103.0877, device='cuda:0', grad_fn=<DivBackward0>) value_loss tensor(34.8844, device='cuda:0', grad_fn=<MseLossBackward0>)
Step:  645
Loss:  tensor(-579.5760, device='cuda:0', grad_fn=<AddBackward0>) policy_loss: tensor(-593.1552, device='cuda:0', grad_fn=<NegBackward0>) entropy_loss tensor(-97.1172, device='cuda:0', grad_fn=<DivBackward0>) value_loss tensor(27.1582, device='cuda:0', grad_fn=<MseLossBackward0>)
Step:  650
Loss:  tensor(-958.9487, device='cuda:0', grad_fn=<AddBackward0>) policy_loss: tensor(-979.0133, device='cuda:0', grad_fn=<NegBackward0>) entropy_loss tensor(-97.8649, device='cuda:0', grad_fn=<DivBackward0>) value_loss tensor(40.1291, device='cuda:0', grad_fn=<MseLossBackward0>)
Step:  655
Loss:  tensor(-728.4953, device='cuda:0', grad_fn=<AddBackward0>) policy_loss: tensor(-754.2402, device='cuda:0', grad_fn=<NegBackward0>) entropy_loss tensor(-99.5546, device='cuda:0', grad_fn=<DivBackward0>) value_loss tensor(51.4899, device='cuda:0', grad_fn=<MseLossBackward0>)
Step:  660
Loss:  tensor(-516.5389, device='cuda:0', grad_fn=<AddBackward0>) policy_loss: tensor(-528.1334, device='cuda:0', grad_fn=<NegBackward0>) entropy_loss tensor(-90.7873, device='cuda:0', grad_fn=<DivBackward0>) value_loss tensor(23.1888, device='cuda:0', grad_fn=<MseLossBackward0>)
Step:  665
Loss:  tensor(-940.0641, device='cuda:0', grad_fn=<AddBackward0>) policy_loss: tensor(-958.6242, device='cuda:0', grad_fn=<NegBackward0>) entropy_loss tensor(-91.1662, device='cuda:0', grad_fn=<DivBackward0>) value_loss tensor(37.1201, device='cuda:0', grad_fn=<MseLossBackward0>)
Step:  670
Loss:  tensor(-1068.4810, device='cuda:0', grad_fn=<AddBackward0>) policy_loss: tensor(-1082.3051, device='cuda:0', grad_fn=<NegBackward0>) entropy_loss tensor(-91.8131, device='cuda:0', grad_fn=<DivBackward0>) value_loss tensor(27.6481, device='cuda:0', grad_fn=<MseLossBackward0>)
Step:  675
Loss:  tensor(-532.9052, device='cuda:0', grad_fn=<AddBackward0>) policy_loss: tensor(-555.2363, device='cuda:0', grad_fn=<NegBackward0>) entropy_loss tensor(-86.7828, device='cuda:0', grad_fn=<DivBackward0>) value_loss tensor(44.6622, device='cuda:0', grad_fn=<MseLossBackward0>)
Step:  680
Loss:  tensor(-568.0587, device='cuda:0', grad_fn=<AddBackward0>) policy_loss: tensor(-579.4362, device='cuda:0', grad_fn=<NegBackward0>) entropy_loss tensor(-87.8792, device='cuda:0', grad_fn=<DivBackward0>) value_loss tensor(22.7549, device='cuda:0', grad_fn=<MseLossBackward0>)
Step:  685
Loss:  tensor(-1210.8223, device='cuda:0', grad_fn=<AddBackward0>) policy_loss: tensor(-1232.2615, device='cuda:0', grad_fn=<NegBackward0>) entropy_loss tensor(-85.3483, device='cuda:0', grad_fn=<DivBackward0>) value_loss tensor(42.8783, device='cuda:0', grad_fn=<MseLossBackward0>)
Step:  690
Loss:  tensor(-1046.3547, device='cuda:0', grad_fn=<AddBackward0>) policy_loss: tensor(-1065.7133, device='cuda:0', grad_fn=<NegBackward0>) entropy_loss tensor(-81.5389, device='cuda:0', grad_fn=<DivBackward0>) value_loss tensor(38.7171, device='cuda:0', grad_fn=<MseLossBackward0>)
Step:  695
Loss:  tensor(-647.7794, device='cuda:0', grad_fn=<AddBackward0>) policy_loss: tensor(-657.6930, device='cuda:0', grad_fn=<NegBackward0>) entropy_loss tensor(-80.5858, device='cuda:0', grad_fn=<DivBackward0>) value_loss tensor(19.8273, device='cuda:0', grad_fn=<MseLossBackward0>)
Step:  700
Loss:  tensor(-982.9553, device='cuda:0', grad_fn=<AddBackward0>) policy_loss: tensor(-1004.6450, device='cuda:0', grad_fn=<NegBackward0>) entropy_loss tensor(-80.2699, device='cuda:0', grad_fn=<DivBackward0>) value_loss tensor(43.3792, device='cuda:0', grad_fn=<MseLossBackward0>)
Step:  705
Loss:  tensor(-1096.9867, device='cuda:0', grad_fn=<AddBackward0>) policy_loss: tensor(-1122.7728, device='cuda:0', grad_fn=<NegBackward0>) entropy_loss tensor(-73.3104, device='cuda:0', grad_fn=<DivBackward0>) value_loss tensor(51.5723, device='cuda:0', grad_fn=<MseLossBackward0>)
Step:  710
Loss:  tensor(-1031.3331, device='cuda:0', grad_fn=<AddBackward0>) policy_loss: tensor(-1052.2898, device='cuda:0', grad_fn=<NegBackward0>) entropy_loss tensor(-74.3479, device='cuda:0', grad_fn=<DivBackward0>) value_loss tensor(41.9134, device='cuda:0', grad_fn=<MseLossBackward0>)
Step:  715
Loss:  tensor(-827.5001, device='cuda:0', grad_fn=<AddBackward0>) policy_loss: tensor(-856.8078, device='cuda:0', grad_fn=<NegBackward0>) entropy_loss tensor(-72.9798, device='cuda:0', grad_fn=<DivBackward0>) value_loss tensor(58.6153, device='cuda:0', grad_fn=<MseLossBackward0>)
Step:  720
Loss:  tensor(-972.5563, device='cuda:0', grad_fn=<AddBackward0>) policy_loss: tensor(-996.3936, device='cuda:0', grad_fn=<NegBackward0>) entropy_loss tensor(-71.0638, device='cuda:0', grad_fn=<DivBackward0>) value_loss tensor(47.6745, device='cuda:0', grad_fn=<MseLossBackward0>)
Step:  725
Loss:  tensor(-776.2430, device='cuda:0', grad_fn=<AddBackward0>) policy_loss: tensor(-785.8823, device='cuda:0', grad_fn=<NegBackward0>) entropy_loss tensor(-71.1527, device='cuda:0', grad_fn=<DivBackward0>) value_loss tensor(19.2787, device='cuda:0', grad_fn=<MseLossBackward0>)
Step:  730
Loss:  tensor(-1010.3757, device='cuda:0', grad_fn=<AddBackward0>) policy_loss: tensor(-1032.3199, device='cuda:0', grad_fn=<NegBackward0>) entropy_loss tensor(-66.1931, device='cuda:0', grad_fn=<DivBackward0>) value_loss tensor(43.8885, device='cuda:0', grad_fn=<MseLossBackward0>)
Step:  735
Loss:  tensor(-758.2186, device='cuda:0', grad_fn=<AddBackward0>) policy_loss: tensor(-799.0958, device='cuda:0', grad_fn=<NegBackward0>) entropy_loss tensor(-66.2064, device='cuda:0', grad_fn=<DivBackward0>) value_loss tensor(81.7544, device='cuda:0', grad_fn=<MseLossBackward0>)
